<?xml version="1.0" encoding="UTF-8"?>
<testng-results ignored="0" total="1" passed="1" failed="0" skipped="0">
  <reporter-output>
  </reporter-output>
  <suite started-at="2022-05-13T12:28:42 IST" name="Default suite" finished-at="2022-05-13T12:30:24 IST" duration-ms="101739">
    <groups>
    </groups>
    <test started-at="2022-05-13T12:28:42 IST" name="Default test" finished-at="2022-05-13T12:30:24 IST" duration-ms="101739">
      <class name="testMethods.KycUpdateTest">
        <test-method signature="KycUpdateTestMethod()[pri:0, instance:testMethods.KycUpdateTest@1ffe63b9]" started-at="2022-05-13T12:28:42 IST" name="KycUpdateTestMethod" finished-at="2022-05-13T12:30:24 IST" duration-ms="101655" status="PASS">
          <reporter-output>
          </reporter-output>
        </test-method> <!-- KycUpdateTestMethod -->
        <test-method is-config="true" signature="CaptureScreenchot(org.testng.ITestResult)[pri:0, instance:testMethods.KycUpdateTest@1ffe63b9]" started-at="2022-05-13T12:30:24 IST" name="CaptureScreenchot" finished-at="2022-05-13T12:30:24 IST" duration-ms="13" status="PASS">
          <params>
            <param index="0">
              <value>
                <![CDATA[[TestResult name=KycUpdateTestMethod status=SUCCESS method=KycUpdateTest.KycUpdateTestMethod()[pri:0, instance:testMethods.KycUpdateTest@1ffe63b9] output={null}]]]>
              </value>
            </param>
          </params>
          <reporter-output>
          </reporter-output>
        </test-method> <!-- CaptureScreenchot -->
      </class> <!-- testMethods.KycUpdateTest -->
    </test> <!-- Default test -->
  </suite> <!-- Default suite -->
</testng-results>
